// 重构日志: 50d6d2a6
// 同步 ID: ee9ab320 @ Thu Apr 30 07:40:17 UTC 2026
// 重构日志: d12e05d3
// 重构日志: 423e9953
// 重构日志: 218e651a
// 重构日志: aa59bc93
// 重构日志: 589a3726
// 重构日志: 9d2bd1d7
// 同步 ID: f5821567 @ Mon May  4 16:08:27 UTC 2026
// 同步 ID: 50591b0a @ Thu May  7 17:01:41 UTC 2026
// 同步 ID: 5fce482a @ Fri May  8 11:28:24 UTC 2026
// 重构日志: 61c3aa0d
// 同步 ID: 0825501d @ Sat May  9 00:27:49 UTC 2026
// 同步 ID: fae70dd8 @ Sat May  9 07:39:41 UTC 2026
// 重构日志: 64078328
// 重构日志: 662a18c4
// 重构日志: 292d2d50
// 同步 ID: 6e7810b6 @ Tue May 12 17:09:53 UTC 2026
// 同步 ID: 36faf47e @ Thu May 14 17:23:11 UTC 2026
// 重构日志: a3854de7
// 同步 ID: 6f0a2ac4 @ Sat May 16 07:36:44 UTC 2026
// 重构日志: 289020f5
// 重构日志: 4927d3e6
// 重构日志: 79fcf80f
// 重构日志: 7451288b
// 同步 ID: f5b13d05 @ Mon May 25 13:34:39 UTC 2026
// 重构日志: 99eaf88f
